# JRE version: Java(TM) SE Runtime Environment (15.0.1+9) (build 15.0.1+9-18)
# Java VM: Java HotSpot(TM) 64-Bit Server VM (15.0.1+9-18, mixed mode, sharing, tiered, compressed oops, g1 gc, windows-amd64)
GC Precious Log:
 CPUs: 4 total, 4 available
 Memory: 8090M
 Large Page Support: Disabled
 NUMA Support: Disabled
 Compressed Oops: Enabled (32-bit)
 Heap Region Size: 1M
 Heap Min Capacity: 256M
 Heap Initial Capacity: 256M
 Heap Max Capacity: 512M
 Pre-touch: Disabled
 Parallel Workers: 4
 Concurrent Workers: 1
 Concurrent Refinement Workers: 4
 Periodic GC: Disabled
Heap:
 garbage-first heap   total 524288K, used 314684K [0x00000000e0000000, 0x0000000100000000)
  region size 1024K, 73 young (74752K), 4 survivors (4096K)
 Metaspace       used 107157K, capacity 111750K, committed 111976K, reserved 352256K
  class space    used 12912K, capacity 14130K, committed 14232K, reserved 253952K
GC Heap History (20 events):
Event: 2014.681 GC heap before
{Heap before GC invocations=46 (full 0):
 garbage-first heap   total 524288K, used 397656K [0x00000000e0000000, 0x0000000100000000)
  region size 1024K, 17 young (17408K), 9 survivors (9216K)
 Metaspace       used 100937K, capacity 104861K, committed 105192K, reserved 346112K
  class space    used 12438K, capacity 13419K, committed 13592K, reserved 253952K
}
Event: 2014.686 GC heap after
{Heap after GC invocations=47 (full 0):
 garbage-first heap   total 524288K, used 274064K [0x00000000e0000000, 0x0000000100000000)
  region size 1024K, 11 young (11264K), 11 survivors (11264K)
 Metaspace       used 100937K, capacity 104861K, committed 105192K, reserved 346112K
  class space    used 12438K, capacity 13419K, committed 13592K, reserved 253952K
}
Event: 2020.828 GC heap before
{Heap before GC invocations=48 (full 0):
 garbage-first heap   total 524288K, used 467600K [0x00000000e0000000, 0x0000000100000000)
  region size 1024K, 173 young (177152K), 11 survivors (11264K)
 Metaspace       used 101206K, capacity 105087K, committed 105448K, reserved 346112K
  class space    used 12460K, capacity 13469K, committed 13592K, reserved 253952K
}
Event: 2020.840 GC heap after
{Heap after GC invocations=49 (full 0):
 garbage-first heap   total 524288K, used 222930K [0x00000000e0000000, 0x0000000100000000)
  region size 1024K, 9 young (9216K), 9 survivors (9216K)
 Metaspace       used 101206K, capacity 105087K, committed 105448K, reserved 346112K
  class space    used 12460K, capacity 13469K, committed 13592K, reserved 253952K
}
Event: 2022.768 GC heap before
{Heap before GC invocations=49 (full 0):
 garbage-first heap   total 524288K, used 463570K [0x00000000e0000000, 0x0000000100000000)
  region size 1024K, 236 young (241664K), 9 survivors (9216K)
 Metaspace       used 101281K, capacity 105233K, committed 105448K, reserved 346112K
  class space    used 12463K, capacity 13474K, committed 13592K, reserved 253952K
}
Event: 2022.777 GC heap after
{Heap after GC invocations=50 (full 0):
 garbage-first heap   total 524288K, used 226487K [0x00000000e0000000, 0x0000000100000000)
  region size 1024K, 12 young (12288K), 12 survivors (12288K)
 Metaspace       used 101281K, capacity 105233K, committed 105448K, reserved 346112K
  class space    used 12463K, capacity 13474K, committed 13592K, reserved 253952K
}
Event: 2025.199 GC heap before
{Heap before GC invocations=50 (full 0):
 garbage-first heap   total 524288K, used 465079K [0x00000000e0000000, 0x0000000100000000)
  region size 1024K, 226 young (231424K), 12 survivors (12288K)
 Metaspace       used 101386K, capacity 105297K, committed 105704K, reserved 346112K
  class space    used 12463K, capacity 13474K, committed 13592K, reserved 253952K
}
Event: 2025.209 GC heap after
{Heap after GC invocations=51 (full 0):
 garbage-first heap   total 524288K, used 225275K [0x00000000e0000000, 0x0000000100000000)
  region size 1024K, 11 young (11264K), 11 survivors (11264K)
 Metaspace       used 101386K, capacity 105297K, committed 105704K, reserved 346112K
  class space    used 12463K, capacity 13474K, committed 13592K, reserved 253952K
}
Event: 2027.693 GC heap before
{Heap before GC invocations=51 (full 0):
 garbage-first heap   total 524288K, used 448507K [0x00000000e0000000, 0x0000000100000000)
  region size 1024K, 230 young (235520K), 11 survivors (11264K)
 Metaspace       used 101492K, capacity 105435K, committed 105704K, reserved 346112K
  class space    used 12464K, capacity 13476K, committed 13592K, reserved 253952K
}
Event: 2027.704 GC heap after
{Heap after GC invocations=52 (full 0):
 garbage-first heap   total 524288K, used 229342K [0x00000000e0000000, 0x0000000100000000)
  region size 1024K, 15 young (15360K), 15 survivors (15360K)
 Metaspace       used 101492K, capacity 105435K, committed 105704K, reserved 346112K
  class space    used 12464K, capacity 13476K, committed 13592K, reserved 253952K
}
Event: 2366.356 GC heap before
{Heap before GC invocations=52 (full 0):
 garbage-first heap   total 524288K, used 448478K [0x00000000e0000000, 0x0000000100000000)
  region size 1024K, 230 young (235520K), 15 survivors (15360K)
 Metaspace       used 105394K, capacity 109635K, committed 109928K, reserved 350208K
  class space    used 12783K, capacity 13864K, committed 13976K, reserved 253952K
}
Event: 2366.379 GC heap after
{Heap after GC invocations=53 (full 0):
 garbage-first heap   total 524288K, used 227323K [0x00000000e0000000, 0x0000000100000000)
  region size 1024K, 13 young (13312K), 13 survivors (13312K)
 Metaspace       used 105394K, capacity 109635K, committed 109928K, reserved 350208K
  class space    used 12783K, capacity 13864K, committed 13976K, reserved 253952K
}
Event: 2371.966 GC heap before
{Heap before GC invocations=53 (full 0):
 garbage-first heap   total 524288K, used 449531K [0x00000000e0000000, 0x0000000100000000)
  region size 1024K, 231 young (236544K), 13 survivors (13312K)
 Metaspace       used 105942K, capacity 110229K, committed 110568K, reserved 352256K
  class space    used 12826K, capacity 13972K, committed 14104K, reserved 253952K
}
Event: 2372.041 GC heap after
{Heap after GC invocations=54 (full 0):
 garbage-first heap   total 524288K, used 265864K [0x00000000e0000000, 0x0000000100000000)
  region size 1024K, 29 young (29696K), 29 survivors (29696K)
 Metaspace       used 105942K, capacity 110229K, committed 110568K, reserved 352256K
  class space    used 12826K, capacity 13972K, committed 14104K, reserved 253952K
}
Event: 2375.250 GC heap before
{Heap before GC invocations=54 (full 0):
 garbage-first heap   total 524288K, used 363144K [0x00000000e0000000, 0x0000000100000000)
  region size 1024K, 126 young (129024K), 29 survivors (29696K)
 Metaspace       used 106560K, capacity 110829K, committed 111080K, reserved 352256K
  class space    used 12881K, capacity 14040K, committed 14104K, reserved 253952K
}
Event: 2375.292 GC heap after
{Heap after GC invocations=55 (full 0):
 garbage-first heap   total 524288K, used 270336K [0x00000000e0000000, 0x0000000100000000)
  region size 1024K, 4 young (4096K), 4 survivors (4096K)
 Metaspace       used 106560K, capacity 110829K, committed 111080K, reserved 352256K
  class space    used 12881K, capacity 14040K, committed 14104K, reserved 253952K
}
Event: 3862.720 GC heap before
{Heap before GC invocations=56 (full 0):
 garbage-first heap   total 524288K, used 427008K [0x00000000e0000000, 0x0000000100000000)
  region size 1024K, 169 young (173056K), 4 survivors (4096K)
 Metaspace       used 107154K, capacity 111750K, committed 111976K, reserved 352256K
  class space    used 12911K, capacity 14130K, committed 14232K, reserved 253952K
}
Event: 3862.772 GC heap after
{Heap after GC invocations=57 (full 0):
 garbage-first heap   total 524288K, used 259379K [0x00000000e0000000, 0x0000000100000000)
  region size 1024K, 6 young (6144K), 6 survivors (6144K)
 Metaspace       used 107154K, capacity 111750K, committed 111976K, reserved 352256K
  class space    used 12911K, capacity 14130K, committed 14232K, reserved 253952K
}
Event: 3863.441 GC heap before
{Heap before GC invocations=57 (full 0):
 garbage-first heap   total 524288K, used 277811K [0x00000000e0000000, 0x0000000100000000)
  region size 1024K, 25 young (25600K), 6 survivors (6144K)
 Metaspace       used 107155K, capacity 111750K, committed 111976K, reserved 352256K
  class space    used 12911K, capacity 14130K, committed 14232K, reserved 253952K
}
Event: 3863.683 GC heap after
{Heap after GC invocations=58 (full 0):
 garbage-first heap   total 524288K, used 245052K [0x00000000e0000000, 0x0000000100000000)
  region size 1024K, 4 young (4096K), 4 survivors (4096K)
 Metaspace       used 107155K, capacity 111750K, committed 111976K, reserved 352256K
  class space    used 12911K, capacity 14130K, committed 14232K, reserved 253952K
}

