# JRE version: Java(TM) SE Runtime Environment (15.0.1+9) (build 15.0.1+9-18)
# Java VM: Java HotSpot(TM) 64-Bit Server VM (15.0.1+9-18, mixed mode, sharing, tiered, compressed oops, g1 gc, windows-amd64)
GC Precious Log:
 CPUs: 4 total, 4 available
 Memory: 8090M
 Large Page Support: Disabled
 NUMA Support: Disabled
 Compressed Oops: Enabled (32-bit)
 Heap Region Size: 1M
 Heap Min Capacity: 8M
 Heap Initial Capacity: 128M
 Heap Max Capacity: 1536M
 Pre-touch: Disabled
 Parallel Workers: 4
 Concurrent Workers: 1
 Concurrent Refinement Workers: 4
 Periodic GC: Disabled
Heap:
 garbage-first heap   total 215040K, used 161695K [0x00000000a0000000, 0x0000000100000000)
  region size 1024K, 51 young (52224K), 6 survivors (6144K)
 Metaspace       used 79201K, capacity 82171K, committed 82332K, reserved 1120256K
  class space    used 10054K, capacity 10918K, committed 11008K, reserved 1048576K
GC Heap History (20 events):
Event: 20.801 GC heap before
{Heap before GC invocations=28 (full 0):
 garbage-first heap   total 106496K, used 82859K [0x00000000a0000000, 0x0000000100000000)
  region size 1024K, 28 young (28672K), 5 survivors (5120K)
 Metaspace       used 63422K, capacity 65287K, committed 65564K, reserved 1105920K
  class space    used 8126K, capacity 8807K, committed 8832K, reserved 1048576K
}
Event: 20.817 GC heap after
{Heap after GC invocations=29 (full 0):
 garbage-first heap   total 106496K, used 65680K [0x00000000a0000000, 0x0000000100000000)
  region size 1024K, 4 young (4096K), 4 survivors (4096K)
 Metaspace       used 63422K, capacity 65287K, committed 65564K, reserved 1105920K
  class space    used 8126K, capacity 8807K, committed 8832K, reserved 1048576K
}
Event: 21.193 GC heap before
{Heap before GC invocations=29 (full 0):
 garbage-first heap   total 106496K, used 85136K [0x00000000a0000000, 0x0000000100000000)
  region size 1024K, 23 young (23552K), 4 survivors (4096K)
 Metaspace       used 64228K, capacity 66350K, committed 66460K, reserved 1107968K
  class space    used 8228K, capacity 8928K, committed 8960K, reserved 1048576K
}
Event: 21.206 GC heap after
{Heap after GC invocations=30 (full 0):
 garbage-first heap   total 106496K, used 71859K [0x00000000a0000000, 0x0000000100000000)
  region size 1024K, 3 young (3072K), 3 survivors (3072K)
 Metaspace       used 64228K, capacity 66350K, committed 66460K, reserved 1107968K
  class space    used 8228K, capacity 8928K, committed 8960K, reserved 1048576K
}
Event: 21.577 GC heap before
{Heap before GC invocations=31 (full 0):
 garbage-first heap   total 135168K, used 86195K [0x00000000a0000000, 0x0000000100000000)
  region size 1024K, 17 young (17408K), 3 survivors (3072K)
 Metaspace       used 66053K, capacity 68298K, committed 68636K, reserved 1107968K
  class space    used 8517K, capacity 9229K, committed 9344K, reserved 1048576K
}
Event: 21.587 GC heap after
{Heap after GC invocations=32 (full 0):
 garbage-first heap   total 135168K, used 73125K [0x00000000a0000000, 0x0000000100000000)
  region size 1024K, 1 young (1024K), 1 survivors (1024K)
 Metaspace       used 66053K, capacity 68298K, committed 68636K, reserved 1107968K
  class space    used 8517K, capacity 9229K, committed 9344K, reserved 1048576K
}
Event: 22.075 GC heap before
{Heap before GC invocations=32 (full 0):
 garbage-first heap   total 135168K, used 103845K [0x00000000a0000000, 0x0000000100000000)
  region size 1024K, 31 young (31744K), 1 survivors (1024K)
 Metaspace       used 68168K, capacity 70384K, committed 70684K, reserved 1110016K
  class space    used 8819K, capacity 9533K, committed 9600K, reserved 1048576K
}
Event: 22.081 GC heap after
{Heap after GC invocations=33 (full 0):
 garbage-first heap   total 135168K, used 76132K [0x00000000a0000000, 0x0000000100000000)
  region size 1024K, 4 young (4096K), 4 survivors (4096K)
 Metaspace       used 68168K, capacity 70384K, committed 70684K, reserved 1110016K
  class space    used 8819K, capacity 9533K, committed 9600K, reserved 1048576K
}
Event: 22.694 GC heap before
{Heap before GC invocations=34 (full 0):
 garbage-first heap   total 143360K, used 96612K [0x00000000a0000000, 0x0000000100000000)
  region size 1024K, 26 young (26624K), 4 survivors (4096K)
 Metaspace       used 69059K, capacity 71699K, committed 71836K, reserved 1112064K
  class space    used 8919K, capacity 9706K, committed 9728K, reserved 1048576K
}
Event: 22.706 GC heap after
{Heap after GC invocations=35 (full 0):
 garbage-first heap   total 143360K, used 81464K [0x00000000a0000000, 0x0000000100000000)
  region size 1024K, 5 young (5120K), 5 survivors (5120K)
 Metaspace       used 69059K, capacity 71699K, committed 71836K, reserved 1112064K
  class space    used 8919K, capacity 9706K, committed 9728K, reserved 1048576K
}
Event: 23.521 GC heap before
{Heap before GC invocations=36 (full 0):
 garbage-first heap   total 152576K, used 116280K [0x00000000a0000000, 0x0000000100000000)
  region size 1024K, 36 young (36864K), 5 survivors (5120K)
 Metaspace       used 70453K, capacity 73207K, committed 73372K, reserved 1112064K
  class space    used 9094K, capacity 9913K, committed 9984K, reserved 1048576K
}
Event: 23.541 GC heap after
{Heap after GC invocations=37 (full 0):
 garbage-first heap   total 152576K, used 92383K [0x00000000a0000000, 0x0000000100000000)
  region size 1024K, 5 young (5120K), 5 survivors (5120K)
 Metaspace       used 70453K, capacity 73207K, committed 73372K, reserved 1112064K
  class space    used 9094K, capacity 9913K, committed 9984K, reserved 1048576K
}
Event: 24.416 GC heap before
{Heap before GC invocations=37 (full 0):
 garbage-first heap   total 152576K, used 121055K [0x00000000a0000000, 0x0000000100000000)
  region size 1024K, 33 young (33792K), 5 survivors (5120K)
 Metaspace       used 72692K, capacity 75453K, committed 75676K, reserved 1114112K
  class space    used 9295K, capacity 10116K, committed 10240K, reserved 1048576K
}
Event: 24.430 GC heap after
{Heap after GC invocations=38 (full 0):
 garbage-first heap   total 183296K, used 96242K [0x00000000a0000000, 0x0000000100000000)
  region size 1024K, 4 young (4096K), 4 survivors (4096K)
 Metaspace       used 72692K, capacity 75453K, committed 75676K, reserved 1114112K
  class space    used 9295K, capacity 10116K, committed 10240K, reserved 1048576K
}
Event: 28.176 GC heap before
{Heap before GC invocations=39 (full 0):
 garbage-first heap   total 183296K, used 140274K [0x00000000a0000000, 0x0000000100000000)
  region size 1024K, 47 young (48128K), 4 survivors (4096K)
 Metaspace       used 78134K, capacity 81053K, committed 81180K, reserved 1120256K
  class space    used 9952K, capacity 10798K, committed 10880K, reserved 1048576K
}
Event: 28.191 GC heap after
{Heap after GC invocations=40 (full 0):
 garbage-first heap   total 183296K, used 100826K [0x00000000a0000000, 0x0000000100000000)
  region size 1024K, 6 young (6144K), 6 survivors (6144K)
 Metaspace       used 78134K, capacity 81053K, committed 81180K, reserved 1120256K
  class space    used 9952K, capacity 10798K, committed 10880K, reserved 1048576K
}
Event: 28.786 GC heap before
{Heap before GC invocations=40 (full 0):
 garbage-first heap   total 183296K, used 143834K [0x00000000a0000000, 0x0000000100000000)
  region size 1024K, 48 young (49152K), 6 survivors (6144K)
 Metaspace       used 78413K, capacity 81245K, committed 81436K, reserved 1120256K
  class space    used 9952K, capacity 10798K, committed 10880K, reserved 1048576K
}
Event: 28.815 GC heap after
{Heap after GC invocations=41 (full 0):
 garbage-first heap   total 183296K, used 109373K [0x00000000a0000000, 0x0000000100000000)
  region size 1024K, 6 young (6144K), 6 survivors (6144K)
 Metaspace       used 78413K, capacity 81245K, committed 81436K, reserved 1120256K
  class space    used 9952K, capacity 10798K, committed 10880K, reserved 1048576K
}
Event: 29.486 GC heap before
{Heap before GC invocations=42 (full 0):
 garbage-first heap   total 215040K, used 146237K [0x00000000a0000000, 0x0000000100000000)
  region size 1024K, 42 young (43008K), 6 survivors (6144K)
 Metaspace       used 78642K, capacity 81482K, committed 81692K, reserved 1120256K
  class space    used 9973K, capacity 10810K, committed 10880K, reserved 1048576K
}
Event: 29.511 GC heap after
{Heap after GC invocations=43 (full 0):
 garbage-first heap   total 215040K, used 116639K [0x00000000a0000000, 0x0000000100000000)
  region size 1024K, 6 young (6144K), 6 survivors (6144K)
 Metaspace       used 78642K, capacity 81482K, committed 81692K, reserved 1120256K
  class space    used 9973K, capacity 10810K, committed 10880K, reserved 1048576K
}

