# JRE version: Java(TM) SE Runtime Environment (15.0.1+9) (build 15.0.1+9-18)
# Java VM: Java HotSpot(TM) 64-Bit Server VM (15.0.1+9-18, mixed mode, sharing, tiered, compressed oops, g1 gc, windows-amd64)
GC Precious Log:
 CPUs: 4 total, 4 available
 Memory: 8090M
 Large Page Support: Disabled
 NUMA Support: Disabled
 Compressed Oops: Enabled (32-bit)
 Heap Region Size: 1M
 Heap Min Capacity: 256M
 Heap Initial Capacity: 256M
 Heap Max Capacity: 512M
 Pre-touch: Disabled
 Parallel Workers: 4
 Concurrent Workers: 1
 Concurrent Refinement Workers: 4
 Periodic GC: Disabled
Heap:
 garbage-first heap   total 306176K, used 181630K [0x00000000e0000000, 0x0000000100000000)
  region size 1024K, 18 young (18432K), 6 survivors (6144K)
 Metaspace       used 105905K, capacity 109048K, committed 109276K, reserved 350208K
  class space    used 12678K, capacity 13576K, committed 13580K, reserved 253952K
GC Heap History (20 events):
Event: 5596.291 GC heap before
{Heap before GC invocations=48 (full 0):
 garbage-first heap   total 278528K, used 223293K [0x00000000e0000000, 0x0000000100000000)
  region size 1024K, 83 young (84992K), 3 survivors (3072K)
 Metaspace       used 105682K, capacity 108905K, committed 109020K, reserved 350208K
  class space    used 12676K, capacity 13573K, committed 13580K, reserved 253952K
}
Event: 5596.320 GC heap after
{Heap after GC invocations=49 (full 0):
 garbage-first heap   total 278528K, used 161588K [0x00000000e0000000, 0x0000000100000000)
  region size 1024K, 11 young (11264K), 11 survivors (11264K)
 Metaspace       used 105682K, capacity 108905K, committed 109020K, reserved 350208K
  class space    used 12676K, capacity 13573K, committed 13580K, reserved 253952K
}
Event: 5596.346 GC heap before
{Heap before GC invocations=49 (full 0):
 garbage-first heap   total 278528K, used 163636K [0x00000000e0000000, 0x0000000100000000)
  region size 1024K, 13 young (13312K), 11 survivors (11264K)
 Metaspace       used 105683K, capacity 108905K, committed 109020K, reserved 350208K
  class space    used 12676K, capacity 13573K, committed 13580K, reserved 253952K
}
Event: 5596.391 GC heap after
{Heap after GC invocations=50 (full 0):
 garbage-first heap   total 278528K, used 150344K [0x00000000e0000000, 0x0000000100000000)
  region size 1024K, 2 young (2048K), 2 survivors (2048K)
 Metaspace       used 105683K, capacity 108905K, committed 109020K, reserved 350208K
  class space    used 12676K, capacity 13573K, committed 13580K, reserved 253952K
}
Event: 5597.478 GC heap before
{Heap before GC invocations=50 (full 0):
 garbage-first heap   total 278528K, used 218952K [0x00000000e0000000, 0x0000000100000000)
  region size 1024K, 70 young (71680K), 2 survivors (2048K)
 Metaspace       used 105724K, capacity 108911K, committed 109020K, reserved 350208K
  class space    used 12676K, capacity 13574K, committed 13580K, reserved 253952K
}
Event: 5597.502 GC heap after
{Heap after GC invocations=51 (full 0):
 garbage-first heap   total 278528K, used 165888K [0x00000000e0000000, 0x0000000100000000)
  region size 1024K, 9 young (9216K), 9 survivors (9216K)
 Metaspace       used 105724K, capacity 108911K, committed 109020K, reserved 350208K
  class space    used 12676K, capacity 13574K, committed 13580K, reserved 253952K
}
Event: 5598.709 GC heap before
{Heap before GC invocations=52 (full 0):
 garbage-first heap   total 283648K, used 212992K [0x00000000e0000000, 0x0000000100000000)
  region size 1024K, 64 young (65536K), 9 survivors (9216K)
 Metaspace       used 105738K, capacity 108911K, committed 109020K, reserved 350208K
  class space    used 12676K, capacity 13574K, committed 13580K, reserved 253952K
}
Event: 5598.725 GC heap after
{Heap after GC invocations=53 (full 0):
 garbage-first heap   total 283648K, used 160256K [0x00000000e0000000, 0x0000000100000000)
  region size 1024K, 2 young (2048K), 2 survivors (2048K)
 Metaspace       used 105738K, capacity 108911K, committed 109020K, reserved 350208K
  class space    used 12676K, capacity 13574K, committed 13580K, reserved 253952K
}
Event: 5598.941 GC heap before
{Heap before GC invocations=53 (full 0):
 garbage-first heap   total 283648K, used 171520K [0x00000000e0000000, 0x0000000100000000)
  region size 1024K, 13 young (13312K), 2 survivors (2048K)
 Metaspace       used 105746K, capacity 108911K, committed 109020K, reserved 350208K
  class space    used 12676K, capacity 13574K, committed 13580K, reserved 253952K
}
Event: 5598.965 GC heap after
{Heap after GC invocations=54 (full 0):
 garbage-first heap   total 283648K, used 136797K [0x00000000e0000000, 0x0000000100000000)
  region size 1024K, 1 young (1024K), 1 survivors (1024K)
 Metaspace       used 105746K, capacity 108911K, committed 109020K, reserved 350208K
  class space    used 12676K, capacity 13574K, committed 13580K, reserved 253952K
}
Event: 5599.799 GC heap before
{Heap before GC invocations=54 (full 0):
 garbage-first heap   total 283648K, used 178781K [0x00000000e0000000, 0x0000000100000000)
  region size 1024K, 43 young (44032K), 1 survivors (1024K)
 Metaspace       used 105781K, capacity 108975K, committed 109020K, reserved 350208K
  class space    used 12676K, capacity 13574K, committed 13580K, reserved 253952K
}
Event: 5599.811 GC heap after
{Heap after GC invocations=55 (full 0):
 garbage-first heap   total 283648K, used 137440K [0x00000000e0000000, 0x0000000100000000)
  region size 1024K, 2 young (2048K), 2 survivors (2048K)
 Metaspace       used 105781K, capacity 108975K, committed 109020K, reserved 350208K
  class space    used 12676K, capacity 13574K, committed 13580K, reserved 253952K
}
Event: 5604.445 GC heap before
{Heap before GC invocations=56 (full 0):
 garbage-first heap   total 283648K, used 227552K [0x00000000e0000000, 0x0000000100000000)
  region size 1024K, 90 young (92160K), 2 survivors (2048K)
 Metaspace       used 105865K, capacity 109039K, committed 109276K, reserved 350208K
  class space    used 12677K, capacity 13574K, committed 13580K, reserved 253952K
}
Event: 5604.469 GC heap after
{Heap after GC invocations=57 (full 0):
 garbage-first heap   total 283648K, used 160850K [0x00000000e0000000, 0x0000000100000000)
  region size 1024K, 12 young (12288K), 12 survivors (12288K)
 Metaspace       used 105865K, capacity 109039K, committed 109276K, reserved 350208K
  class space    used 12677K, capacity 13574K, committed 13580K, reserved 253952K
}
Event: 5604.485 GC heap before
{Heap before GC invocations=57 (full 0):
 garbage-first heap   total 283648K, used 161874K [0x00000000e0000000, 0x0000000100000000)
  region size 1024K, 13 young (13312K), 12 survivors (12288K)
 Metaspace       used 105865K, capacity 109039K, committed 109276K, reserved 350208K
  class space    used 12677K, capacity 13574K, committed 13580K, reserved 253952K
}
Event: 5604.528 GC heap after
{Heap after GC invocations=58 (full 0):
 garbage-first heap   total 283648K, used 151394K [0x00000000e0000000, 0x0000000100000000)
  region size 1024K, 1 young (1024K), 1 survivors (1024K)
 Metaspace       used 105865K, capacity 109039K, committed 109276K, reserved 350208K
  class space    used 12677K, capacity 13574K, committed 13580K, reserved 253952K
}
Event: 5604.565 GC heap before
{Heap before GC invocations=58 (full 0):
 garbage-first heap   total 283648K, used 151394K [0x00000000e0000000, 0x0000000100000000)
  region size 1024K, 2 young (2048K), 1 survivors (1024K)
 Metaspace       used 105865K, capacity 109039K, committed 109276K, reserved 350208K
  class space    used 12677K, capacity 13574K, committed 13580K, reserved 253952K
}
Event: 5604.579 GC heap after
{Heap after GC invocations=59 (full 0):
 garbage-first heap   total 283648K, used 150862K [0x00000000e0000000, 0x0000000100000000)
  region size 1024K, 1 young (1024K), 1 survivors (1024K)
 Metaspace       used 105865K, capacity 109039K, committed 109276K, reserved 350208K
  class space    used 12677K, capacity 13574K, committed 13580K, reserved 253952K
}
Event: 5605.761 GC heap before
{Heap before GC invocations=60 (full 0):
 garbage-first heap   total 283648K, used 179534K [0x00000000e0000000, 0x0000000100000000)
  region size 1024K, 28 young (28672K), 1 survivors (1024K)
 Metaspace       used 105891K, capacity 109039K, committed 109276K, reserved 350208K
  class space    used 12677K, capacity 13574K, committed 13580K, reserved 253952K
}
Event: 5605.772 GC heap after
{Heap after GC invocations=61 (full 0):
 garbage-first heap   total 283648K, used 156030K [0x00000000e0000000, 0x0000000100000000)
  region size 1024K, 6 young (6144K), 6 survivors (6144K)
 Metaspace       used 105891K, capacity 109039K, committed 109276K, reserved 350208K
  class space    used 12677K, capacity 13574K, committed 13580K, reserved 253952K
}

