# JRE version: Java(TM) SE Runtime Environment (15.0.1+9) (build 15.0.1+9-18)
# Java VM: Java HotSpot(TM) 64-Bit Server VM (15.0.1+9-18, mixed mode, sharing, tiered, compressed oops, g1 gc, windows-amd64)
GC Precious Log:
 CPUs: 4 total, 4 available
 Memory: 8090M
 Large Page Support: Disabled
 NUMA Support: Disabled
 Compressed Oops: Enabled (32-bit)
 Heap Region Size: 1M
 Heap Min Capacity: 256M
 Heap Initial Capacity: 256M
 Heap Max Capacity: 512M
 Pre-touch: Disabled
 Parallel Workers: 4
 Concurrent Workers: 1
 Concurrent Refinement Workers: 4
 Periodic GC: Disabled
Heap:
 garbage-first heap   total 262144K, used 68759K [0x00000000e0000000, 0x0000000100000000)
  region size 1024K, 46 young (47104K), 20 survivors (20480K)
 Metaspace       used 52256K, capacity 53263K, committed 53532K, reserved 301056K
  class space    used 6601K, capacity 6863K, committed 6944K, reserved 253952K
GC Heap History (12 events):
Event: 0.651 GC heap before
{Heap before GC invocations=0 (full 0):
 garbage-first heap   total 262144K, used 18432K [0x00000000e0000000, 0x0000000100000000)
  region size 1024K, 13 young (13312K), 0 survivors (0K)
 Metaspace       used 1941K, capacity 5404K, committed 5504K, reserved 262144K
  class space    used 213K, capacity 564K, committed 640K, reserved 253952K
}
Event: 0.659 GC heap after
{Heap after GC invocations=1 (full 0):
 garbage-first heap   total 262144K, used 8075K [0x00000000e0000000, 0x0000000100000000)
  region size 1024K, 2 young (2048K), 2 survivors (2048K)
 Metaspace       used 1941K, capacity 5404K, committed 5504K, reserved 262144K
  class space    used 213K, capacity 564K, committed 640K, reserved 253952K
}
Event: 1.022 GC heap before
{Heap before GC invocations=1 (full 0):
 garbage-first heap   total 262144K, used 19339K [0x00000000e0000000, 0x0000000100000000)
  region size 1024K, 14 young (14336K), 2 survivors (2048K)
 Metaspace       used 3858K, capacity 6533K, committed 6656K, reserved 262144K
  class space    used 471K, capacity 727K, committed 768K, reserved 253952K
}
Event: 1.025 GC heap after
{Heap after GC invocations=2 (full 0):
 garbage-first heap   total 262144K, used 8793K [0x00000000e0000000, 0x0000000100000000)
  region size 1024K, 1 young (1024K), 1 survivors (1024K)
 Metaspace       used 3858K, capacity 6533K, committed 6656K, reserved 262144K
  class space    used 471K, capacity 727K, committed 768K, reserved 253952K
}
Event: 1.591 GC heap before
{Heap before GC invocations=2 (full 0):
 garbage-first heap   total 262144K, used 31321K [0x00000000e0000000, 0x0000000100000000)
  region size 1024K, 24 young (24576K), 1 survivors (1024K)
 Metaspace       used 3993K, capacity 6533K, committed 6656K, reserved 262144K
  class space    used 477K, capacity 727K, committed 768K, reserved 253952K
}
Event: 1.594 GC heap after
{Heap after GC invocations=3 (full 0):
 garbage-first heap   total 262144K, used 12642K [0x00000000e0000000, 0x0000000100000000)
  region size 1024K, 3 young (3072K), 3 survivors (3072K)
 Metaspace       used 3993K, capacity 6533K, committed 6656K, reserved 262144K
  class space    used 477K, capacity 727K, committed 768K, reserved 253952K
}
Event: 5.434 GC heap before
{Heap before GC invocations=3 (full 0):
 garbage-first heap   total 262144K, used 99682K [0x00000000e0000000, 0x0000000100000000)
  region size 1024K, 88 young (90112K), 3 survivors (3072K)
 Metaspace       used 20715K, capacity 21120K, committed 21248K, reserved 272384K
  class space    used 2927K, capacity 3050K, committed 3072K, reserved 253952K
}
Event: 5.447 GC heap after
{Heap after GC invocations=4 (full 0):
 garbage-first heap   total 262144K, used 18403K [0x00000000e0000000, 0x0000000100000000)
  region size 1024K, 9 young (9216K), 9 survivors (9216K)
 Metaspace       used 20715K, capacity 21120K, committed 21248K, reserved 272384K
  class space    used 2927K, capacity 3050K, committed 3072K, reserved 253952K
}
Event: 12.306 GC heap before
{Heap before GC invocations=5 (full 0):
 garbage-first heap   total 262144K, used 114659K [0x00000000e0000000, 0x0000000100000000)
  region size 1024K, 102 young (104448K), 9 survivors (9216K)
 Metaspace       used 35406K, capacity 35969K, committed 36048K, reserved 286720K
  class space    used 4596K, capacity 4766K, committed 4820K, reserved 253952K
}
Event: 12.327 GC heap after
{Heap after GC invocations=6 (full 0):
 garbage-first heap   total 262144K, used 28002K [0x00000000e0000000, 0x0000000100000000)
  region size 1024K, 18 young (18432K), 18 survivors (18432K)
 Metaspace       used 35406K, capacity 35969K, committed 36048K, reserved 286720K
  class space    used 4596K, capacity 4766K, committed 4820K, reserved 253952K
}
Event: 16.390 GC heap before
{Heap before GC invocations=7 (full 0):
 garbage-first heap   total 262144K, used 168290K [0x00000000e0000000, 0x0000000100000000)
  region size 1024K, 153 young (156672K), 18 survivors (18432K)
 Metaspace       used 50640K, capacity 51732K, committed 51996K, reserved 301056K
  class space    used 6376K, capacity 6648K, committed 6688K, reserved 253952K
}
Event: 16.425 GC heap after
{Heap after GC invocations=8 (full 0):
 garbage-first heap   total 262144K, used 43159K [0x00000000e0000000, 0x0000000100000000)
  region size 1024K, 20 young (20480K), 20 survivors (20480K)
 Metaspace       used 50640K, capacity 51732K, committed 51996K, reserved 301056K
  class space    used 6376K, capacity 6648K, committed 6688K, reserved 253952K
}

