# JRE version: Java(TM) SE Runtime Environment (15.0.1+9) (build 15.0.1+9-18)
# Java VM: Java HotSpot(TM) 64-Bit Server VM (15.0.1+9-18, mixed mode, sharing, tiered, compressed oops, g1 gc, windows-amd64)
GC Precious Log:
 CPUs: 4 total, 4 available
 Memory: 8090M
 Large Page Support: Disabled
 NUMA Support: Disabled
 Compressed Oops: Enabled (32-bit)
 Heap Region Size: 1M
 Heap Min Capacity: 256M
 Heap Initial Capacity: 256M
 Heap Max Capacity: 512M
 Pre-touch: Disabled
 Parallel Workers: 4
 Concurrent Workers: 1
 Concurrent Refinement Workers: 4
 Periodic GC: Disabled
Heap:
 garbage-first heap   total 495616K, used 340992K [0x00000000e0000000, 0x0000000100000000)
  region size 1024K, 122 young (124928K), 12 survivors (12288K)
 Metaspace       used 108043K, capacity 111284K, committed 111452K, reserved 352256K
  class space    used 12763K, capacity 13715K, committed 13824K, reserved 253952K
GC Heap History (20 events):
Event: 2029.492 GC heap before
{Heap before GC invocations=60 (full 0):
 garbage-first heap   total 322560K, used 191990K [0x00000000e0000000, 0x0000000100000000)
  region size 1024K, 32 young (32768K), 6 survivors (6144K)
 Metaspace       used 105002K, capacity 108189K, committed 108380K, reserved 350208K
  class space    used 12561K, capacity 13549K, committed 13568K, reserved 253952K
}
Event: 2029.501 GC heap after
{Heap after GC invocations=61 (full 0):
 garbage-first heap   total 322560K, used 165074K [0x00000000e0000000, 0x0000000100000000)
  region size 1024K, 5 young (5120K), 5 survivors (5120K)
 Metaspace       used 105002K, capacity 108189K, committed 108380K, reserved 350208K
  class space    used 12561K, capacity 13549K, committed 13568K, reserved 253952K
}
Event: 2034.316 GC heap before
{Heap before GC invocations=62 (full 0):
 garbage-first heap   total 322560K, used 268498K [0x00000000e0000000, 0x0000000100000000)
  region size 1024K, 109 young (111616K), 5 survivors (5120K)
 Metaspace       used 105910K, capacity 109059K, committed 109276K, reserved 350208K
  class space    used 12616K, capacity 13582K, committed 13696K, reserved 253952K
}
Event: 2034.357 GC heap after
{Heap after GC invocations=63 (full 0):
 garbage-first heap   total 322560K, used 188048K [0x00000000e0000000, 0x0000000100000000)
  region size 1024K, 14 young (14336K), 14 survivors (14336K)
 Metaspace       used 105910K, capacity 109059K, committed 109276K, reserved 350208K
  class space    used 12616K, capacity 13582K, committed 13696K, reserved 253952K
}
Event: 2034.923 GC heap before
{Heap before GC invocations=63 (full 0):
 garbage-first heap   total 322560K, used 196240K [0x00000000e0000000, 0x0000000100000000)
  region size 1024K, 23 young (23552K), 14 survivors (14336K)
 Metaspace       used 106085K, capacity 109296K, committed 109532K, reserved 350208K
  class space    used 12628K, capacity 13618K, committed 13696K, reserved 253952K
}
Event: 2034.946 GC heap after
{Heap after GC invocations=64 (full 0):
 garbage-first heap   total 322560K, used 191488K [0x00000000e0000000, 0x0000000100000000)
  region size 1024K, 3 young (3072K), 3 survivors (3072K)
 Metaspace       used 106085K, capacity 109296K, committed 109532K, reserved 350208K
  class space    used 12628K, capacity 13618K, committed 13696K, reserved 253952K
}
Event: 2036.256 GC heap before
{Heap before GC invocations=65 (full 0):
 garbage-first heap   total 345088K, used 226304K [0x00000000e0000000, 0x0000000100000000)
  region size 1024K, 36 young (36864K), 3 survivors (3072K)
 Metaspace       used 106235K, capacity 109364K, committed 109532K, reserved 350208K
  class space    used 12636K, capacity 13618K, committed 13696K, reserved 253952K
}
Event: 2036.273 GC heap after
{Heap after GC invocations=66 (full 0):
 garbage-first heap   total 345088K, used 196699K [0x00000000e0000000, 0x0000000100000000)
  region size 1024K, 8 young (8192K), 8 survivors (8192K)
 Metaspace       used 106235K, capacity 109364K, committed 109532K, reserved 350208K
  class space    used 12636K, capacity 13618K, committed 13696K, reserved 253952K
}
Event: 2040.275 GC heap before
{Heap before GC invocations=67 (full 0):
 garbage-first heap   total 367616K, used 272475K [0x00000000e0000000, 0x0000000100000000)
  region size 1024K, 69 young (70656K), 8 survivors (8192K)
 Metaspace       used 106538K, capacity 109746K, committed 110044K, reserved 352256K
  class space    used 12668K, capacity 13639K, committed 13696K, reserved 253952K
}
Event: 2040.285 GC heap after
{Heap after GC invocations=68 (full 0):
 garbage-first heap   total 367616K, used 194138K [0x00000000e0000000, 0x0000000100000000)
  region size 1024K, 2 young (2048K), 2 survivors (2048K)
 Metaspace       used 106538K, capacity 109746K, committed 110044K, reserved 352256K
  class space    used 12668K, capacity 13639K, committed 13696K, reserved 253952K
}
Event: 2043.929 GC heap before
{Heap before GC invocations=69 (full 0):
 garbage-first heap   total 367616K, used 299610K [0x00000000e0000000, 0x0000000100000000)
  region size 1024K, 105 young (107520K), 2 survivors (2048K)
 Metaspace       used 107030K, capacity 110225K, committed 110300K, reserved 352256K
  class space    used 12710K, capacity 13682K, committed 13696K, reserved 253952K
}
Event: 2043.945 GC heap after
{Heap after GC invocations=70 (full 0):
 garbage-first heap   total 367616K, used 203999K [0x00000000e0000000, 0x0000000100000000)
  region size 1024K, 14 young (14336K), 14 survivors (14336K)
 Metaspace       used 107030K, capacity 110225K, committed 110300K, reserved 352256K
  class space    used 12710K, capacity 13682K, committed 13696K, reserved 253952K
}
Event: 2043.955 GC heap before
{Heap before GC invocations=70 (full 0):
 garbage-first heap   total 367616K, used 206047K [0x00000000e0000000, 0x0000000100000000)
  region size 1024K, 17 young (17408K), 14 survivors (14336K)
 Metaspace       used 107030K, capacity 110225K, committed 110300K, reserved 352256K
  class space    used 12710K, capacity 13682K, committed 13696K, reserved 253952K
}
Event: 2043.999 GC heap after
{Heap after GC invocations=71 (full 0):
 garbage-first heap   total 367616K, used 185044K [0x00000000e0000000, 0x0000000100000000)
  region size 1024K, 2 young (2048K), 2 survivors (2048K)
 Metaspace       used 107030K, capacity 110225K, committed 110300K, reserved 352256K
  class space    used 12710K, capacity 13682K, committed 13696K, reserved 253952K
}
Event: 2047.686 GC heap before
{Heap before GC invocations=71 (full 0):
 garbage-first heap   total 367616K, used 283348K [0x00000000e0000000, 0x0000000100000000)
  region size 1024K, 100 young (102400K), 2 survivors (2048K)
 Metaspace       used 107203K, capacity 110481K, committed 110556K, reserved 352256K
  class space    used 12722K, capacity 13682K, committed 13696K, reserved 253952K
}
Event: 2047.705 GC heap after
{Heap after GC invocations=72 (full 0):
 garbage-first heap   total 367616K, used 196224K [0x00000000e0000000, 0x0000000100000000)
  region size 1024K, 13 young (13312K), 13 survivors (13312K)
 Metaspace       used 107203K, capacity 110481K, committed 110556K, reserved 352256K
  class space    used 12722K, capacity 13682K, committed 13696K, reserved 253952K
}
Event: 2048.628 GC heap before
{Heap before GC invocations=73 (full 0):
 garbage-first heap   total 367616K, used 234112K [0x00000000e0000000, 0x0000000100000000)
  region size 1024K, 41 young (41984K), 13 survivors (13312K)
 Metaspace       used 107218K, capacity 110481K, committed 110556K, reserved 352256K
  class space    used 12722K, capacity 13682K, committed 13696K, reserved 253952K
}
Event: 2048.645 GC heap after
{Heap after GC invocations=74 (full 0):
 garbage-first heap   total 367616K, used 200478K [0x00000000e0000000, 0x0000000100000000)
  region size 1024K, 7 young (7168K), 7 survivors (7168K)
 Metaspace       used 107218K, capacity 110481K, committed 110556K, reserved 352256K
  class space    used 12722K, capacity 13682K, committed 13696K, reserved 253952K
}
Event: 2049.891 GC heap before
{Heap before GC invocations=75 (full 0):
 garbage-first heap   total 495616K, used 309022K [0x00000000e0000000, 0x0000000100000000)
  region size 1024K, 89 young (91136K), 7 survivors (7168K)
 Metaspace       used 107270K, capacity 110545K, committed 110812K, reserved 352256K
  class space    used 12724K, capacity 13682K, committed 13696K, reserved 253952K
}
Event: 2049.923 GC heap after
{Heap after GC invocations=76 (full 0):
 garbage-first heap   total 495616K, used 229376K [0x00000000e0000000, 0x0000000100000000)
  region size 1024K, 12 young (12288K), 12 survivors (12288K)
 Metaspace       used 107270K, capacity 110545K, committed 110812K, reserved 352256K
  class space    used 12724K, capacity 13682K, committed 13696K, reserved 253952K
}

