# JRE version: Java(TM) SE Runtime Environment (15.0.1+9) (build 15.0.1+9-18)
# Java VM: Java HotSpot(TM) 64-Bit Server VM (15.0.1+9-18, mixed mode, sharing, tiered, compressed oops, g1 gc, windows-amd64)
GC Precious Log:
 CPUs: 4 total, 4 available
 Memory: 8090M
 Large Page Support: Disabled
 NUMA Support: Disabled
 Compressed Oops: Enabled (32-bit)
 Heap Region Size: 1M
 Heap Min Capacity: 8M
 Heap Initial Capacity: 128M
 Heap Max Capacity: 512M
 Pre-touch: Disabled
 Parallel Workers: 4
 Concurrent Workers: 1
 Concurrent Refinement Workers: 4
 Periodic GC: Disabled
Heap:
 garbage-first heap   total 224256K, used 133413K [0x00000000e0000000, 0x0000000100000000)
  region size 1024K, 21 young (21504K), 5 survivors (5120K)
 Metaspace       used 75282K, capacity 78218K, committed 78364K, reserved 1118208K
  class space    used 9694K, capacity 10506K, committed 10624K, reserved 1048576K
GC Heap History (20 events):
Event: 23.178 GC heap before
{Heap before GC invocations=31 (full 0):
 garbage-first heap   total 116736K, used 81473K [0x00000000e0000000, 0x0000000100000000)
  region size 1024K, 19 young (19456K), 4 survivors (4096K)
 Metaspace       used 60429K, capacity 62682K, committed 62876K, reserved 1103872K
  class space    used 7888K, capacity 8602K, committed 8704K, reserved 1048576K
}
Event: 23.201 GC heap after
{Heap after GC invocations=32 (full 0):
 garbage-first heap   total 116736K, used 71589K [0x00000000e0000000, 0x0000000100000000)
  region size 1024K, 3 young (3072K), 3 survivors (3072K)
 Metaspace       used 60429K, capacity 62682K, committed 62876K, reserved 1103872K
  class space    used 7888K, capacity 8602K, committed 8704K, reserved 1048576K
}
Event: 23.652 GC heap before
{Heap before GC invocations=32 (full 0):
 garbage-first heap   total 116736K, used 91045K [0x00000000e0000000, 0x0000000100000000)
  region size 1024K, 22 young (22528K), 3 survivors (3072K)
 Metaspace       used 62572K, capacity 64758K, committed 64924K, reserved 1105920K
  class space    used 8213K, capacity 8903K, committed 8960K, reserved 1048576K
}
Event: 23.669 GC heap after
{Heap after GC invocations=33 (full 0):
 garbage-first heap   total 116736K, used 74205K [0x00000000e0000000, 0x0000000100000000)
  region size 1024K, 2 young (2048K), 2 survivors (2048K)
 Metaspace       used 62572K, capacity 64758K, committed 64924K, reserved 1105920K
  class space    used 8213K, capacity 8903K, committed 8960K, reserved 1048576K
}
Event: 24.184 GC heap before
{Heap before GC invocations=34 (full 0):
 garbage-first heap   total 133120K, used 93661K [0x00000000e0000000, 0x0000000100000000)
  region size 1024K, 21 young (21504K), 2 survivors (2048K)
 Metaspace       used 64020K, capacity 66284K, committed 66460K, reserved 1105920K
  class space    used 8430K, capacity 9172K, committed 9216K, reserved 1048576K
}
Event: 24.190 GC heap after
{Heap after GC invocations=35 (full 0):
 garbage-first heap   total 133120K, used 76173K [0x00000000e0000000, 0x0000000100000000)
  region size 1024K, 3 young (3072K), 3 survivors (3072K)
 Metaspace       used 64020K, capacity 66284K, committed 66460K, reserved 1105920K
  class space    used 8430K, capacity 9172K, committed 9216K, reserved 1048576K
}
Event: 24.779 GC heap before
{Heap before GC invocations=35 (full 0):
 garbage-first heap   total 133120K, used 104845K [0x00000000e0000000, 0x0000000100000000)
  region size 1024K, 31 young (31744K), 3 survivors (3072K)
 Metaspace       used 65287K, capacity 67911K, committed 68252K, reserved 1107968K
  class space    used 8597K, capacity 9376K, committed 9472K, reserved 1048576K
}
Event: 24.803 GC heap after
{Heap after GC invocations=36 (full 0):
 garbage-first heap   total 133120K, used 82453K [0x00000000e0000000, 0x0000000100000000)
  region size 1024K, 4 young (4096K), 4 survivors (4096K)
 Metaspace       used 65287K, capacity 67911K, committed 68252K, reserved 1107968K
  class space    used 8597K, capacity 9376K, committed 9472K, reserved 1048576K
}
Event: 25.485 GC heap before
{Heap before GC invocations=37 (full 0):
 garbage-first heap   total 153600K, used 108053K [0x00000000e0000000, 0x0000000100000000)
  region size 1024K, 26 young (26624K), 4 survivors (4096K)
 Metaspace       used 66134K, capacity 68923K, committed 69148K, reserved 1110016K
  class space    used 8693K, capacity 9516K, committed 9600K, reserved 1048576K
}
Event: 25.510 GC heap after
{Heap after GC invocations=38 (full 0):
 garbage-first heap   total 153600K, used 92228K [0x00000000e0000000, 0x0000000100000000)
  region size 1024K, 4 young (4096K), 4 survivors (4096K)
 Metaspace       used 66134K, capacity 68923K, committed 69148K, reserved 1110016K
  class space    used 8693K, capacity 9516K, committed 9600K, reserved 1048576K
}
Event: 26.522 GC heap before
{Heap before GC invocations=38 (full 0):
 garbage-first heap   total 153600K, used 120900K [0x00000000e0000000, 0x0000000100000000)
  region size 1024K, 32 young (32768K), 4 survivors (4096K)
 Metaspace       used 67896K, capacity 70657K, committed 70812K, reserved 1110016K
  class space    used 8861K, capacity 9656K, committed 9728K, reserved 1048576K
}
Event: 26.544 GC heap after
{Heap after GC invocations=39 (full 0):
 garbage-first heap   total 153600K, used 96941K [0x00000000e0000000, 0x0000000100000000)
  region size 1024K, 4 young (4096K), 4 survivors (4096K)
 Metaspace       used 67896K, capacity 70657K, committed 70812K, reserved 1110016K
  class space    used 8861K, capacity 9656K, committed 9728K, reserved 1048576K
}
Event: 27.528 GC heap before
{Heap before GC invocations=40 (full 0):
 garbage-first heap   total 176128K, used 121517K [0x00000000e0000000, 0x0000000100000000)
  region size 1024K, 28 young (28672K), 4 survivors (4096K)
 Metaspace       used 70371K, capacity 73184K, committed 73372K, reserved 1112064K
  class space    used 9142K, capacity 9957K, committed 9984K, reserved 1048576K
}
Event: 27.552 GC heap after
{Heap after GC invocations=41 (full 0):
 garbage-first heap   total 176128K, used 101037K [0x00000000e0000000, 0x0000000100000000)
  region size 1024K, 4 young (4096K), 4 survivors (4096K)
 Metaspace       used 70371K, capacity 73184K, committed 73372K, reserved 1112064K
  class space    used 9142K, capacity 9957K, committed 9984K, reserved 1048576K
}
Event: 31.215 GC heap before
{Heap before GC invocations=41 (full 0):
 garbage-first heap   total 176128K, used 138925K [0x00000000e0000000, 0x0000000100000000)
  region size 1024K, 41 young (41984K), 4 survivors (4096K)
 Metaspace       used 74760K, capacity 77662K, committed 77724K, reserved 1116160K
  class space    used 9660K, capacity 10478K, committed 10496K, reserved 1048576K
}
Event: 31.236 GC heap after
{Heap after GC invocations=42 (full 0):
 garbage-first heap   total 176128K, used 105400K [0x00000000e0000000, 0x0000000100000000)
  region size 1024K, 5 young (5120K), 5 survivors (5120K)
 Metaspace       used 74760K, capacity 77662K, committed 77724K, reserved 1116160K
  class space    used 9660K, capacity 10478K, committed 10496K, reserved 1048576K
}
Event: 32.390 GC heap before
{Heap before GC invocations=43 (full 0):
 garbage-first heap   total 183296K, used 140216K [0x00000000e0000000, 0x0000000100000000)
  region size 1024K, 39 young (39936K), 5 survivors (5120K)
 Metaspace       used 74982K, capacity 77854K, committed 77980K, reserved 1116160K
  class space    used 9660K, capacity 10478K, committed 10496K, reserved 1048576K
}
Event: 32.410 GC heap after
{Heap after GC invocations=44 (full 0):
 garbage-first heap   total 183296K, used 110957K [0x00000000e0000000, 0x0000000100000000)
  region size 1024K, 5 young (5120K), 5 survivors (5120K)
 Metaspace       used 74982K, capacity 77854K, committed 77980K, reserved 1116160K
  class space    used 9660K, capacity 10478K, committed 10496K, reserved 1048576K
}
Event: 32.921 GC heap before
{Heap before GC invocations=44 (full 0):
 garbage-first heap   total 183296K, used 146797K [0x00000000e0000000, 0x0000000100000000)
  region size 1024K, 40 young (40960K), 5 survivors (5120K)
 Metaspace       used 75065K, capacity 77942K, committed 77980K, reserved 1116160K
  class space    used 9663K, capacity 10484K, committed 10496K, reserved 1048576K
}
Event: 32.951 GC heap after
{Heap after GC invocations=45 (full 0):
 garbage-first heap   total 183296K, used 118053K [0x00000000e0000000, 0x0000000100000000)
  region size 1024K, 5 young (5120K), 5 survivors (5120K)
 Metaspace       used 75065K, capacity 77942K, committed 77980K, reserved 1116160K
  class space    used 9663K, capacity 10484K, committed 10496K, reserved 1048576K
}

